app/build/intermediates/manifest_merge_blame_file/debug/manifest-merger-blame-debug-report.txt
1<?xml version="1.0" encoding="utf-8"?>
2<manifest xmlns:android="http://schemas.android.com/apk/res/android"
3    package="com.example.vido_manager_library"
4    android:versionCode="1"
5    android:versionName="1.6" >
6
7    <uses-sdk
8        android:minSdkVersion="25"
8-->src\main\AndroidManifest.xml
9        android:targetSdkVersion="32" />
9-->src\main\AndroidManifest.xml
10
11    <uses-permission android:name="android.permission.CALL_PHONE" />
11-->src\main\AndroidManifest.xml:5:5-69
11-->src\main\AndroidManifest.xml:5:22-66
12    <uses-permission android:name="android.permission.CAMERA" />
12-->src\main\AndroidManifest.xml:6:5-65
12-->src\main\AndroidManifest.xml:6:22-62
13    <uses-permission android:name="android.permission.INTERNET" />
13-->src\main\AndroidManifest.xml:7:5-67
13-->src\main\AndroidManifest.xml:7:22-64
14
15    <!-- Don't require camera, as this requires a rear camera. This allows it to work on the Nexus 7 -->
16    <uses-feature
16-->[com.journeyapps:zxing-android-embedded:3.4.0] AndroidManifest.xml:24:5-26:36
17        android:name="android.hardware.camera"
17-->[com.journeyapps:zxing-android-embedded:3.4.0] AndroidManifest.xml:25:9-47
18        android:required="false" />
18-->[com.journeyapps:zxing-android-embedded:3.4.0] AndroidManifest.xml:26:9-33
19    <uses-feature
19-->[com.journeyapps:zxing-android-embedded:3.4.0] AndroidManifest.xml:27:5-29:36
20        android:name="android.hardware.camera.front"
20-->[com.journeyapps:zxing-android-embedded:3.4.0] AndroidManifest.xml:28:9-53
21        android:required="false" /> <!-- TODO replace above two with next line after Android 4.2 -->
21-->[com.journeyapps:zxing-android-embedded:3.4.0] AndroidManifest.xml:29:9-33
22    <!-- <uses-feature android:name="android.hardware.camera.any"/> -->
23    <uses-feature
23-->[com.journeyapps:zxing-android-embedded:3.4.0] AndroidManifest.xml:32:5-34:36
24        android:name="android.hardware.camera.autofocus"
24-->[com.journeyapps:zxing-android-embedded:3.4.0] AndroidManifest.xml:33:9-57
25        android:required="false" />
25-->[com.journeyapps:zxing-android-embedded:3.4.0] AndroidManifest.xml:34:9-33
26    <uses-feature
26-->[com.journeyapps:zxing-android-embedded:3.4.0] AndroidManifest.xml:35:5-37:36
27        android:name="android.hardware.camera.flash"
27-->[com.journeyapps:zxing-android-embedded:3.4.0] AndroidManifest.xml:36:9-53
28        android:required="false" />
28-->[com.journeyapps:zxing-android-embedded:3.4.0] AndroidManifest.xml:37:9-33
29    <uses-feature
29-->[com.journeyapps:zxing-android-embedded:3.4.0] AndroidManifest.xml:38:5-40:36
30        android:name="android.hardware.screen.landscape"
30-->[com.journeyapps:zxing-android-embedded:3.4.0] AndroidManifest.xml:39:9-57
31        android:required="false" />
31-->[com.journeyapps:zxing-android-embedded:3.4.0] AndroidManifest.xml:40:9-33
32    <uses-feature
32-->[com.journeyapps:zxing-android-embedded:3.4.0] AndroidManifest.xml:41:5-43:36
33        android:name="android.hardware.wifi"
33-->[com.journeyapps:zxing-android-embedded:3.4.0] AndroidManifest.xml:42:9-45
34        android:required="false" />
34-->[com.journeyapps:zxing-android-embedded:3.4.0] AndroidManifest.xml:43:9-33
35
36    <application
36-->src\main\AndroidManifest.xml:9:5-77:19
37        android:allowBackup="true"
37-->src\main\AndroidManifest.xml:10:9-35
38        android:appComponentFactory="androidx.core.app.CoreComponentFactory"
38-->[androidx.core:core:1.7.0] AndroidManifest.xml:24:18-86
39        android:debuggable="true"
40        android:extractNativeLibs="false"
41        android:fullBackupContent="true"
41-->src\main\AndroidManifest.xml:11:9-41
42        android:icon="@mipmap/ic_launcher"
42-->src\main\AndroidManifest.xml:12:9-43
43        android:label="@string/app_name"
43-->src\main\AndroidManifest.xml:13:9-41
44        android:roundIcon="@mipmap/ic_launcher_round"
44-->src\main\AndroidManifest.xml:14:9-54
45        android:supportsRtl="true"
45-->src\main\AndroidManifest.xml:15:9-35
46        android:testOnly="true"
47        android:theme="@style/Theme.VIDO_Manager_Library" >
47-->src\main\AndroidManifest.xml:16:9-58
48        <activity
48-->src\main\AndroidManifest.xml:17:9-19:40
49            android:name="com.example.vido_manager_library.Activities.Admin.BookAdminDetailActivity"
49-->src\main\AndroidManifest.xml:18:13-69
50            android:exported="false" />
50-->src\main\AndroidManifest.xml:19:13-37
51        <activity
51-->src\main\AndroidManifest.xml:20:9-22:40
52            android:name="com.example.vido_manager_library.Activities.User.BookDetailActivity"
52-->src\main\AndroidManifest.xml:21:13-63
53            android:exported="false" />
53-->src\main\AndroidManifest.xml:22:13-37
54        <activity
54-->src\main\AndroidManifest.xml:23:9-25:40
55            android:name="com.example.vido_manager_library.QRCode.CreateQRCodeActivity"
55-->src\main\AndroidManifest.xml:24:13-56
56            android:exported="false" />
56-->src\main\AndroidManifest.xml:25:13-37
57        <activity
57-->src\main\AndroidManifest.xml:26:9-29:54
58            android:name="com.example.vido_manager_library.Activities.Admin.HomeAdminActivity"
58-->src\main\AndroidManifest.xml:27:13-63
59            android:exported="false"
59-->src\main\AndroidManifest.xml:28:13-37
60            android:windowSoftInputMode="adjustPan" />
60-->src\main\AndroidManifest.xml:29:13-52
61        <activity
61-->src\main\AndroidManifest.xml:30:9-32:40
62            android:name="com.example.vido_manager_library.Activities.User.InformationActivity"
62-->src\main\AndroidManifest.xml:31:13-64
63            android:exported="false" />
63-->src\main\AndroidManifest.xml:32:13-37
64        <activity
64-->src\main\AndroidManifest.xml:33:9-35:40
65            android:name="com.example.vido_manager_library.Activities.User.UserDetailActivity"
65-->src\main\AndroidManifest.xml:34:13-63
66            android:exported="false" />
66-->src\main\AndroidManifest.xml:35:13-37
67        <activity
67-->src\main\AndroidManifest.xml:36:9-38:40
68            android:name="com.example.vido_manager_library.LogSign.LecturersGetNewPassActivity"
68-->src\main\AndroidManifest.xml:37:13-64
69            android:exported="false" />
69-->src\main\AndroidManifest.xml:38:13-37
70        <activity
70-->src\main\AndroidManifest.xml:39:9-41:40
71            android:name="com.example.vido_manager_library.LogSign.StudentGetNewPassActivity"
71-->src\main\AndroidManifest.xml:40:13-62
72            android:exported="false" />
72-->src\main\AndroidManifest.xml:41:13-37
73        <activity
73-->src\main\AndroidManifest.xml:42:9-44:40
74            android:name="com.example.vido_manager_library.LogSign.LecturersForgotActivity"
74-->src\main\AndroidManifest.xml:43:13-60
75            android:exported="false" />
75-->src\main\AndroidManifest.xml:44:13-37
76        <activity
76-->src\main\AndroidManifest.xml:45:9-47:40
77            android:name="com.example.vido_manager_library.LogSign.StudentForgotActivity"
77-->src\main\AndroidManifest.xml:46:13-58
78            android:exported="false" />
78-->src\main\AndroidManifest.xml:47:13-37
79        <activity
79-->src\main\AndroidManifest.xml:48:9-50:40
80            android:name="com.example.vido_manager_library.LogSign.LecturersLoginActivity"
80-->src\main\AndroidManifest.xml:49:13-59
81            android:exported="false" />
81-->src\main\AndroidManifest.xml:50:13-37
82        <activity
82-->src\main\AndroidManifest.xml:51:9-53:40
83            android:name="com.example.vido_manager_library.LogSign.StudentLoginActivity"
83-->src\main\AndroidManifest.xml:52:13-57
84            android:exported="false" />
84-->src\main\AndroidManifest.xml:53:13-37
85        <activity
85-->src\main\AndroidManifest.xml:54:9-62:20
86            android:name="com.example.vido_manager_library.FlashScreen.WelcomeActivity"
86-->src\main\AndroidManifest.xml:55:13-56
87            android:exported="true" >
87-->src\main\AndroidManifest.xml:56:13-36
88            <intent-filter>
88-->src\main\AndroidManifest.xml:57:13-61:29
89                <action android:name="android.intent.action.MAIN" />
89-->src\main\AndroidManifest.xml:58:17-69
89-->src\main\AndroidManifest.xml:58:25-66
90
91                <category android:name="android.intent.category.LAUNCHER" />
91-->src\main\AndroidManifest.xml:60:17-77
91-->src\main\AndroidManifest.xml:60:27-74
92            </intent-filter>
93        </activity>
94        <activity
94-->src\main\AndroidManifest.xml:63:9-67:55
95            android:name="com.example.vido_manager_library.Activities.User.MainActivity"
95-->src\main\AndroidManifest.xml:64:13-57
96            android:exported="false"
96-->src\main\AndroidManifest.xml:65:13-37
97            android:theme="@style/Theme.VIDO_Manager_Library"
97-->src\main\AndroidManifest.xml:66:13-62
98            android:windowSoftInputMode="adjustPan" />
98-->src\main\AndroidManifest.xml:67:13-52
99        <activity
99-->src\main\AndroidManifest.xml:68:9-72:57
100            android:name="com.example.vido_manager_library.QRCode.Capture"
100-->src\main\AndroidManifest.xml:69:13-43
101            android:screenOrientation="fullSensor"
101-->src\main\AndroidManifest.xml:70:13-51
102            android:stateNotNeeded="true"
102-->src\main\AndroidManifest.xml:71:13-42
103            android:theme="@style/zxing_CaptureTheme" />
103-->src\main\AndroidManifest.xml:72:13-54
104
105        <meta-data
105-->src\main\AndroidManifest.xml:74:9-76:57
106            android:name="preloaded_fonts"
106-->src\main\AndroidManifest.xml:75:13-43
107            android:resource="@array/preloaded_fonts" />
107-->src\main\AndroidManifest.xml:76:13-54
108
109        <activity
109-->[com.journeyapps:zxing-android-embedded:3.4.0] AndroidManifest.xml:46:9-52:63
110            android:name="com.journeyapps.barcodescanner.CaptureActivity"
110-->[com.journeyapps:zxing-android-embedded:3.4.0] AndroidManifest.xml:47:13-74
111            android:clearTaskOnLaunch="true"
111-->[com.journeyapps:zxing-android-embedded:3.4.0] AndroidManifest.xml:48:13-45
112            android:screenOrientation="sensorLandscape"
112-->[com.journeyapps:zxing-android-embedded:3.4.0] AndroidManifest.xml:49:13-56
113            android:stateNotNeeded="true"
113-->[com.journeyapps:zxing-android-embedded:3.4.0] AndroidManifest.xml:50:13-42
114            android:theme="@style/zxing_CaptureTheme"
114-->[com.journeyapps:zxing-android-embedded:3.4.0] AndroidManifest.xml:51:13-54
115            android:windowSoftInputMode="stateAlwaysHidden" />
115-->[com.journeyapps:zxing-android-embedded:3.4.0] AndroidManifest.xml:52:13-60
116
117        <provider
117-->[androidx.emoji2:emoji2:1.0.0] AndroidManifest.xml:26:9-34:20
118            android:name="androidx.startup.InitializationProvider"
118-->[androidx.emoji2:emoji2:1.0.0] AndroidManifest.xml:27:13-67
119            android:authorities="com.example.vido_manager_library.androidx-startup"
119-->[androidx.emoji2:emoji2:1.0.0] AndroidManifest.xml:28:13-68
120            android:exported="false" >
120-->[androidx.emoji2:emoji2:1.0.0] AndroidManifest.xml:29:13-37
121            <meta-data
121-->[androidx.emoji2:emoji2:1.0.0] AndroidManifest.xml:31:13-33:52
122                android:name="androidx.emoji2.text.EmojiCompatInitializer"
122-->[androidx.emoji2:emoji2:1.0.0] AndroidManifest.xml:32:17-75
123                android:value="androidx.startup" />
123-->[androidx.emoji2:emoji2:1.0.0] AndroidManifest.xml:33:17-49
124            <meta-data
124-->[androidx.lifecycle:lifecycle-process:2.4.0] AndroidManifest.xml:31:13-33:52
125                android:name="androidx.lifecycle.ProcessLifecycleInitializer"
125-->[androidx.lifecycle:lifecycle-process:2.4.0] AndroidManifest.xml:32:17-78
126                android:value="androidx.startup" />
126-->[androidx.lifecycle:lifecycle-process:2.4.0] AndroidManifest.xml:33:17-49
127        </provider>
128
129        <uses-library
129-->[androidx.window:window:1.0.0] AndroidManifest.xml:25:9-27:40
130            android:name="androidx.window.extensions"
130-->[androidx.window:window:1.0.0] AndroidManifest.xml:26:13-54
131            android:required="false" />
131-->[androidx.window:window:1.0.0] AndroidManifest.xml:27:13-37
132        <uses-library
132-->[androidx.window:window:1.0.0] AndroidManifest.xml:28:9-30:40
133            android:name="androidx.window.sidecar"
133-->[androidx.window:window:1.0.0] AndroidManifest.xml:29:13-51
134            android:required="false" />
134-->[androidx.window:window:1.0.0] AndroidManifest.xml:30:13-37
135    </application>
136
137</manifest>